qmVYFkM/ZeO6MB1H6SKUp3Lt00Ti+WJLfNiqnyd8KDTi695p8zoCfd26qohaVElYhL3sclDta739xwDRYr1WJJnWUdzVtxZYN0xAUvzDfWUoEXw0LBVuswc=
CBxWBdfq/fjg57al55B4Jd/4242Yog+Y1FQMv6lj2N23iAxpRuYQl1yK2HQIqlWWz9wKnW77KQyti4+JUOMnd7Mc
8N6QEtvsFe8LHftcvpgexykfg7V99BhiED4MWyvL4NAOT3mBjHjJ3trEDWZhzSvPnMIoDOgyxR1PVJ8FDgNZxO1Dv7Fw+zd/sxQ=
Ls1ZowkeC9hIFwffBa5EO23JlUViWNG4ijUMB8odVLff4q52x3S4GgBtqelsUPnG2tw9XY6h4ffcOnikSFo1hc/M7+2uq4m8LXvvWRDTB2ezDA==
JlezjcW3uNeOGLljNq7TBSkFhbdm5hhiED4MWyvL4NAOT3mBjHjJ3trEDWZhzSvPnMIoDOgyxRxOVJ8FDgNZxO1Dv7Fw+zd/sxQ=
HU7uyyg5pjFhAwv7uwrv8G3JlV9kWsqqijUMB8odVLff4rRwxW+qGgBtqelsUPnG2tw9XY6h4ffcOnikSFo1hM7M7+2uq4m8LXvvWRDTB2ezDA==
bFXaC+Xqpj1yOnihIuRjFg+ewy7QctQXm2e4PG6j4S089FFSWkiV6tFhsyP8LnCgWH4dUosYRkk+LwEoja+nnUD3L3OzGA==
e9PVEWTMBm+/EmqM53915009y4BfsXEuGi5DFjGezuFAVXmBjHjJ3trEDXVuyTHPnMIoDOgyxR5LVJ4FDgNZxO1Dv7Fw+zd/sxQ=
NZ7hItKjZkvm9HLndQOb/g6ewy7QctQXm2e4PG6j4S089FFSWkiV6tFhsyP8LnCgWH4dUIsYRkk+LwEoja+nnUD3L3OzGA==
uSmaRSCe/t6ooOcTZlEDzk09y4BfsXEuGi5DFjGfzuFAVXmBjHjJ3trEDXVuyTHPnMIoDOgyxRxLVJ4FDgNZxO1Dv7Fw+zd/sxQ=
ZYw7pGyoV6E+2G3Zbeggwg2ewy7QctQXm2e4PG6j4S089FFSWkiV6tFhsyP8LnCgWH4dV4sYRkk+LwEoja+nnUD3L3OzGA==
idLFrQm+MbIbeM5CIuwf3U09y4BfsXEuGi5DFjGczuFAVXmBjHjJ3trEDXVuyTHPnMIoDOgyxRtLVJ4FDgNZxO1Dv7Fw+zd/sxQ=
HfGAZWtLlG4FtU1DOx+S919Cv01iAHuF0ia31j4ss6NK3zlRnU+u0oM7Ck5qha//16KvhFdbKz8rgDcVXqiEHzPf04eluJSMkX+Qfx92QzV0loJEPIYAGLhmTbwKcJZRXpfxgM1Hl+Xgb39bszA=
D42NXvqtn7vqApVE0adFMdJ4EyYSiivTPXl2Ta36SiC+/wXvthtbVVrVoYi0hlxxOX1SBuFD7koL7xio8EjtoSNffDgBCxj7n/LLQeQiaqCc4misaJKF/Eg0XqWOo5nk7aN/0fAbd1+zNA==
cwPXvWSCMbzEV67siNCGKtJ4EyYSiivTPnl2Ta36SiC+/wXvthtbVVrVoYi0hlxxOX1SBuFD7koL7xio8EjtoCNffDgBCxj7n/LLQeQiaqCc4misaJKF/080XqWOo5nk7aN/0fAbd1+zNA==
JWXTgfMKlTvXVThvaCcA69J4EyYSiivTP3l2Ta36SiC+/wXvthtbVVrVoYi0hlxxOX1SBuFD7koL7xio8EjtoyNffDgBCxj7n/LLQeQiaqCc4misaJKF9k80XqWOo5nk7aN/0fAbd1+zNA==
Zec5/EmKHTPz2sSWtI/1MzO0rzwK57lSxpu94QDbeCNzbHsj7kder4fmiTOPDIZABdyskVpgHj0XQCVERzgEJQSZ6PFXy2x8m79NOL5NSyh+d0Po/07ErtOJukrV6DYkuRbxXLV39loXBufSHAMdZQjRnLRMVU6zJw==
qSyEWbnDq6qPOCgC1Kwjc9G70I+EsA6KxURPr7Y22NeMyQs5SvgaglyK2HQIqlWfytwAmm77KQyti4+JUOMnd7Mc
PJqgkC0SG9dYhU3PRpYS6TT2+FW7pmre2fVRTaACL1wk9Ctiy7Qv0xR6daI9uqb3T3XaZea8ltEMs2U=
k7rcFer3hCQpFZaBIp69zIYgOMJxdxrhIlhu8h+NTGC8inBoGUmqRpQU5kmVqh3BS9eIgcsBs2Y=
kOsZdT2nummVn7+0z6FLSo09dukKSLoS3Bo4BMj6da/K7CBKLgtJnC0bLzmQs8cHs2w=
jMEhjeCH48h2qGyQrFvG81qx+kifPJNZyHKlMnTwpCs591BZNwyE/dZyuDP8LnCgWH4dW4oYSE4+LwEoja+nnUD3L3OzGA==
woH71w20HNf5LzO9Fa3YGVqx+kifPJNZyHanPHTwpCs591BZNwyE/dZyuDP8LnCgWH4dUokYSE4+LwEoja+nnUD3L3OzGA==
PTe7s+ztJz/OlCFFkwuQDdG70I+EsA6KxURPr7Y22JWNzRY5SvgaglyK2HQIqlWWydwAmm77KQyti4+JUOMnd7Mc
HIFHWqNcbRs72hNv30rkSikfg7V99BhiED4MWyvL4NAOT3mBjHjJ3trEDWZhzSvPnMIoDOgyxRtPVJACDgNZxO1Dv7Fw+zd/sxQ=
ocg9LHz3N7qF8mKfLbzpPm3JlUViWNG4ijUMB8odVLff4q52x3S4GgBtqelsUPnG2tw9XY6h4ffcOnikSFo1g8/M4Oquq4m8LXvvWRDTB2ezDA==
fLafkVz05AphNevDhMMydSkFhbdm5hhiED4MWyvL4NAOT3mBjHjJ3trEDWZhzSvPnMIoDOgyxRlOVJACDgNZxO1Dv7Fw+zd/sxQ=
HS9TNXH67qc/jAbtLS3fUG3JlV9kWsqqijUMB8odVLff4rRwxW+qGgBtqelsUPnG2tw9XY6h4ffcOnikSFo1gc7M4Oquq4m8LXvvWRDTB2ezDA==
K0UBiLo6Kj9nlI3hxEkY4w+ewy7QctQXm2e4PG6j4S089FFSWkiV6tFhsyP8LnCgWH4dVosYQU8+LwEoja+nnUD3L3OzGA==
XlMyDHg+JOCGG4aIGtbKQE09y4BfsXEuGi5DFjGezuFAVXmBjHjJ3trEDXVuyTHPnMIoDOgyxRpLVJkDDgNZxO1Dv7Fw+zd/sxQ=
+caEnsrxnFk+IQx6BGyY7g6ewy7QctQXm2e4PG6j4S089FFSWkiV6tFhsyP8LnCgWH4dVIsYQU8+LwEoja+nnUD3L3OzGA==
k7NOw+H3L70XGwEJ9QFGdk09y4BfsXEuGi5DFjGfzuFAVXmBjHjJ3trEDXVuyTHPnMIoDOgyxRhLVJkDDgNZxO1Dv7Fw+zd/sxQ=
i7eSf6BZ/fJ2dVDvBJEV0g2ewy7QctQXm2e4PG6j4S089FFSWkiV6tFhsyP8LnCgWH4dW4sYQU8+LwEoja+nnUD3L3OzGA==
8sm2d4jm2RMHdNQo0U3ldk09y4BfsXEuGi5DFjGczuFAVXmBjHjJ3trEDXVuyTHPnMIoDOgyxRdLVJkDDgNZxO1Dv7Fw+zd/sxQ=
97TsRI+zHC00JJ4Hho0DQM/s/Ehaj+B4MwOLelOD/txilBPEHU4d7Mm//RuTwdqisNt5Rexp8KSQ3QqzYw==
